<?xml version="1.0" encoding="UTF-8"?>
<!-- Generated by org.testng.reporters.JUnitXMLReporter -->
<testsuite ignored="1" hostname="IBM-PF32QD88" failures="1" tests="4" name="Car Loan" time="0.015" errors="0" timestamp="2023-05-28T12:42:04 IST">
  <testcase classname="Basics.Day3" name="MobileLoginCloan" time="0.001"/>
  <testcase classname="Basics.Day3" name="MobileSignOutCloan" time="0.001"/>
  <testcase classname="Basics.Day3" name="MobileSigninCloan" time="0.001"/>
  <testcase classname="Basics.Day3" name="WebLoginCloan" time="0.0">
    <failure type="org.testng.TestNGException" message="
Parameter &amp;apos;C_URL&amp;apos; is required by @Test on method WebLoginCloan but has not been marked @Optional or defined
in C:\Users\000A7V744\Desktop\NHS\SeleniumTraining\TestNGBasics\testng.xml">
      <![CDATA[org.testng.TestNGException: 
Parameter 'C_URL' is required by @Test on method WebLoginCloan but has not been marked @Optional or defined
in C:\Users\000A7V744\Desktop\NHS\SeleniumTraining\TestNGBasics\testng.xml
at java.base/java.util.ArrayList.forEach(ArrayList.java:1511)
... Removed 26 stack frames]]>
    </failure>
  </testcase> <!-- WebLoginCloan -->
  <testcase classname="Basics.Day3" name="APILoginCloan" time="0.0">
    <ignored/>
  </testcase> <!-- APILoginCloan -->
</testsuite> <!-- Car Loan -->
